[2024-04-18 23:32:51,702: INFO: main: welcome to cnnClassifier]
[2024-04-19 09:21:10,665: INFO: common: yaml file: config\config.yaml loaded successfully]
[2024-04-19 09:21:10,679: INFO: common: yaml file: params.yaml loaded successfully]
[2024-04-19 09:23:00,812: INFO: common: yaml file: config\config.yaml loaded successfully]
[2024-04-19 09:23:00,815: INFO: common: yaml file: params.yaml loaded successfully]
[2024-04-19 09:24:49,725: INFO: common: yaml file: config\config.yaml loaded successfully]
[2024-04-19 09:24:49,727: INFO: common: yaml file: params.yaml loaded successfully]
[2024-04-19 09:32:08,711: INFO: common: yaml file: config\config.yaml loaded successfully]
[2024-04-19 09:32:08,720: INFO: common: yaml file: params.yaml loaded successfully]
[2024-04-19 09:32:08,723: INFO: common: created directory at: artifacts]
[2024-04-19 09:32:08,734: INFO: common: created directory at: artifacts/data_ingestion]
[2024-04-19 09:32:08,737: INFO: 1983665874: Downloading data from https://drive.google.com/file/d/1z0mreUtRmR-P-magILsDR3T7M6IkGXtY/view?usp=sharing into file artifacts/data_ingestion/data.zip]
[2024-04-19 09:32:10,564: INFO: 1983665874: Downloaded data from https://drive.google.com/file/d/1z0mreUtRmR-P-magILsDR3T7M6IkGXtY/view?usp=sharing into file artifacts/data_ingestion/data.zip]
[2024-04-19 09:35:26,783: INFO: common: yaml file: config\config.yaml loaded successfully]
[2024-04-19 09:35:26,789: INFO: common: yaml file: params.yaml loaded successfully]
[2024-04-19 09:35:26,792: INFO: common: created directory at: artifacts]
[2024-04-19 09:35:26,795: INFO: common: created directory at: artifacts/data_ingestion]
[2024-04-19 09:35:26,797: INFO: 1983665874: Downloading data from https://drive.google.com/file/d/1z0mreUtRmR-P-magILsDR3T7M6IkGXtY/view?usp=sharing into file artifacts/data_ingestion/data.zip]
[2024-04-19 09:35:31,222: INFO: 1983665874: Downloaded data from https://drive.google.com/file/d/1z0mreUtRmR-P-magILsDR3T7M6IkGXtY/view?usp=sharing into file artifacts/data_ingestion/data.zip]
[2024-04-19 10:41:48,992: INFO: common: yaml file: config\config.yaml loaded successfully]
[2024-04-19 10:41:48,997: INFO: common: yaml file: params.yaml loaded successfully]
[2024-04-19 10:41:48,999: INFO: common: created directory at: artifacts]
[2024-04-19 10:41:49,001: INFO: common: created directory at: artifacts/data_ingestion]
[2024-04-19 10:41:49,003: INFO: 1983665874: Downloading data from https://drive.google.com/drive/folders/1UlGQtGlo7ygK3Jsal4CXRs-YBXM98Vrs?usp=sharing into file artifacts/data_ingestion/data.zip]
[2024-04-19 10:41:49,708: INFO: 1983665874: Downloaded data from https://drive.google.com/drive/folders/1UlGQtGlo7ygK3Jsal4CXRs-YBXM98Vrs?usp=sharing into file artifacts/data_ingestion/data.zip]
[2024-04-19 10:50:31,740: INFO: common: yaml file: config\config.yaml loaded successfully]
[2024-04-19 10:50:31,747: INFO: common: yaml file: params.yaml loaded successfully]
[2024-04-19 10:50:31,749: INFO: common: created directory at: artifacts]
[2024-04-19 10:50:31,752: INFO: common: created directory at: artifacts/data_ingestion]
[2024-04-19 10:50:31,755: INFO: 1983665874: Downloading data from https://drive.google.com/drive/folders/1UlGQtGlo7ygK3Jsal4CXRs-YBXM98Vrs?usp=sharing into file artifacts/data_ingestion/data.zip]
[2024-04-19 10:50:32,383: INFO: 1983665874: Downloaded data from https://drive.google.com/drive/folders/1UlGQtGlo7ygK3Jsal4CXRs-YBXM98Vrs?usp=sharing into file artifacts/data_ingestion/data.zip]
[2024-04-19 10:53:15,935: INFO: common: yaml file: config\config.yaml loaded successfully]
[2024-04-19 10:53:15,940: INFO: common: yaml file: params.yaml loaded successfully]
[2024-04-19 10:53:15,941: INFO: common: created directory at: artifacts]
[2024-04-19 10:53:15,943: INFO: common: created directory at: artifacts/data_ingestion]
[2024-04-19 10:53:15,944: INFO: 1983665874: Downloading data from https://drive.google.com/drive/folders/1UlGQtGlo7ygK3Jsal4CXRs-YBXM98Vrs?usp=sharing into file artifacts/data_ingestion/data.zip]
[2024-04-19 10:53:16,556: INFO: 1983665874: Downloaded data from https://drive.google.com/drive/folders/1UlGQtGlo7ygK3Jsal4CXRs-YBXM98Vrs?usp=sharing into file artifacts/data_ingestion/data.zip]
[2024-04-19 14:12:28,771: INFO: main: >>>>>> stage Data Ingestion Stage started <<<<<<]
[2024-04-19 14:12:28,828: INFO: common: yaml file: config\config.yaml loaded successfully]
[2024-04-19 14:12:28,834: INFO: common: yaml file: params.yaml loaded successfully]
[2024-04-19 14:12:28,835: INFO: common: created directory at: artifacts]
[2024-04-19 14:12:28,837: INFO: common: created directory at: artifacts/data_ingestion]
[2024-04-19 14:12:28,837: INFO: data_ingestion: Downloading data from https://drive.google.com/drive/folders/1UlGQtGlo7ygK3Jsal4CXRs-YBXM98Vrs?usp=sharing into file artifacts/data_ingestion/data.zip]
[2024-04-19 14:12:29,921: INFO: data_ingestion: Downloaded data from https://drive.google.com/drive/folders/1UlGQtGlo7ygK3Jsal4CXRs-YBXM98Vrs?usp=sharing into file artifacts/data_ingestion/data.zip]
[2024-04-19 14:12:29,921: ERROR: main: [Errno 2] No such file or directory: 'artifacts/data_ingestion/data.zip']
Traceback (most recent call last):
  File "main.py", line 9, in <module>
    obj.main()
  File "D:\Data science\MLOPS\END-TO-END-Chest-cancer-classification-using-mlflows\src\cnnClassifier\pipeline\stage_01_data_ingestion.py", line 16, in main
    data_ingestion.extract_zip_file()
  File "D:\Data science\MLOPS\END-TO-END-Chest-cancer-classification-using-mlflows\src\cnnClassifier\components\data_ingestion.py", line 44, in extract_zip_file
    with zipfile.ZipFile(self.config.local_data_file, 'r') as zip_ref:
  File "C:\Users\Hp\anaconda3\envs\kidney\lib\zipfile.py", line 1216, in __init__
    self.fp = io.open(file, filemode)
FileNotFoundError: [Errno 2] No such file or directory: 'artifacts/data_ingestion/data.zip'
[2024-04-19 14:12:55,091: INFO: main: >>>>>> stage Data Ingestion Stage started <<<<<<]
[2024-04-19 14:12:55,093: INFO: common: yaml file: config\config.yaml loaded successfully]
[2024-04-19 14:12:55,096: INFO: common: yaml file: params.yaml loaded successfully]
[2024-04-19 14:12:55,097: INFO: common: created directory at: artifacts]
[2024-04-19 14:12:55,098: INFO: common: created directory at: artifacts/data_ingestion]
[2024-04-19 14:12:55,098: INFO: data_ingestion: Downloading data from https://drive.google.com/drive/folders/1UlGQtGlo7ygK3Jsal4CXRs-YBXM98Vrs?usp=sharing into file artifacts/data_ingestion/data.zip]
[2024-04-19 14:12:56,016: INFO: data_ingestion: Downloaded data from https://drive.google.com/drive/folders/1UlGQtGlo7ygK3Jsal4CXRs-YBXM98Vrs?usp=sharing into file artifacts/data_ingestion/data.zip]
[2024-04-19 14:12:57,325: INFO: main: >>>>>> stage Data Ingestion Stage completed <<<<<<

x==========x]
[2024-04-19 14:38:48,071: INFO: common: yaml file: config\config.yaml loaded successfully]
[2024-04-19 14:38:48,128: INFO: common: yaml file: params.yaml loaded successfully]
[2024-04-19 14:38:48,142: INFO: common: created directory at: artifacts]
[2024-04-19 14:38:48,171: INFO: common: created directory at: artifacts/prepare_base_model]
[2024-04-19 14:38:50,957: WARNING: saving_utils: Compiled the loaded model, but the compiled metrics have yet to be built. `model.compile_metrics` will be empty until you train or evaluate the model.]
[2024-04-19 14:50:50,350: INFO: main: >>>>>> stage Data Ingestion Stage started <<<<<<]
[2024-04-19 14:50:50,356: INFO: common: yaml file: config\config.yaml loaded successfully]
[2024-04-19 14:50:50,360: INFO: common: yaml file: params.yaml loaded successfully]
[2024-04-19 14:50:50,361: INFO: common: created directory at: artifacts]
[2024-04-19 14:50:50,363: INFO: common: created directory at: artifacts/data_ingestion]
[2024-04-19 14:50:50,363: INFO: data_ingestion: Downloading data from https://drive.google.com/drive/folders/1UlGQtGlo7ygK3Jsal4CXRs-YBXM98Vrs?usp=sharing into file artifacts/data_ingestion/data.zip]
[2024-04-19 14:50:51,237: INFO: data_ingestion: Downloaded data from https://drive.google.com/drive/folders/1UlGQtGlo7ygK3Jsal4CXRs-YBXM98Vrs?usp=sharing into file artifacts/data_ingestion/data.zip]
[2024-04-19 14:50:51,264: ERROR: main: [Errno 2] No such file or directory: 'artifacts/data_ingestion/data.zip']
Traceback (most recent call last):
  File "main.py", line 10, in <module>
    obj.main()
  File "D:\Data science\MLOPS\END-TO-END-Chest-cancer-classification-using-mlflows\src\cnnClassifier\pipeline\stage_01_data_ingestion.py", line 16, in main
    data_ingestion.extract_zip_file()
  File "D:\Data science\MLOPS\END-TO-END-Chest-cancer-classification-using-mlflows\src\cnnClassifier\components\data_ingestion.py", line 44, in extract_zip_file
    with zipfile.ZipFile(self.config.local_data_file, 'r') as zip_ref:
  File "C:\Users\Hp\anaconda3\envs\kidney\lib\zipfile.py", line 1216, in __init__
    self.fp = io.open(file, filemode)
FileNotFoundError: [Errno 2] No such file or directory: 'artifacts/data_ingestion/data.zip'
[2024-04-19 14:51:44,566: INFO: main: *******************]
[2024-04-19 14:51:44,568: INFO: main: >>>>>> stage Prepare base model started <<<<<<]
[2024-04-19 14:51:44,578: INFO: common: yaml file: config\config.yaml loaded successfully]
[2024-04-19 14:51:44,584: INFO: common: yaml file: params.yaml loaded successfully]
[2024-04-19 14:51:44,585: INFO: common: created directory at: artifacts]
[2024-04-19 14:51:44,612: INFO: common: created directory at: artifacts/prepare_base_model]
[2024-04-19 14:51:45,834: WARNING: saving_utils: Compiled the loaded model, but the compiled metrics have yet to be built. `model.compile_metrics` will be empty until you train or evaluate the model.]
[2024-04-19 14:51:48,274: INFO: main: >>>>>> stage Prepare base model completed <<<<<<

x==========x]
